15:25:32 **** Incremental Build of configuration Debug for project dwm3000-f411-tx ****
make -j16 all 
arm-none-eabi-gcc "../Core/Src/i2c.c" -mcpu=cortex-m4 -std=gnu11 -g3 -DDEBUG -DUSE_HAL_DRIVER -DSTM32F411xE -c -I../Core/Inc -I../Drivers/STM32F4xx_HAL_Driver/Inc -I../Drivers/STM32F4xx_HAL_Driver/Inc/Legacy -I../Drivers/CMSIS/Device/ST/STM32F4xx/Include -I../Drivers/CMSIS/Include -I"C:/Users/HP/Documents/git/STM32/DWM3000/dwm3000-f411-tx/Core/Inc/dwt_uwb_driver" -I"C:/Users/HP/Documents/git/STM32/DWM3000/dwm3000-f411-tx/Core/Inc/dwt_uwb_driver/Inc" -I"C:/Users/HP/Documents/git/STM32/DWM3000/dwm3000-f411-tx/Core/Inc/dwt_uwb_driver/lib" -I"C:/Users/HP/Documents/git/STM32/DWM3000/dwm3000-f411-tx/Core/Inc/platform" -I"C:/Users/HP/Documents/git/STM32/DWM3000/dwm3000-f411-tx/Core/Inc/shared_data" -O0 -ffunction-sections -fdata-sections -Wall -fstack-usage -MMD -MP -MF"Core/Src/i2c.d" -MT"Core/Src/i2c.o" --specs=nano.specs -mfpu=fpv4-sp-d16 -mfloat-abi=hard -mthumb -o "Core/Src/i2c.o"
arm-none-eabi-gcc -o "dwm3000-f411-tx.elf" @"objects.list"  -Wl,--start-group  -Wl,--end-group -mcpu=cortex-m4 -T"C:\Users\HP\Documents\git\STM32\DWM3000\dwm3000-f411-tx\STM32F411RETX_FLASH.ld" --specs=nosys.specs -Wl,-Map="dwm3000-f411-tx.map" -Wl,--gc-sections -static -L"C:\Users\HP\Documents\git\STM32\DWM3000\dwm3000-f411-tx\Core\Inc\dwt_uwb_driver\lib" -Wl,--whole-archive -ldwt_uwb_driver-m4-hfp-6.0.7 -Wl,--no-whole-archive --specs=nano.specs -mfpu=fpv4-sp-d16 -mfloat-abi=hard -mthumb -Wl,--start-group -lc -lm -Wl,--end-group
c:\st\stm32cubeide_1.7.0\stm32cubeide\plugins\com.st.stm32cube.ide.mcu.externaltools.gnu-tools-for-stm32.9-2020-q2-update.win32_2.0.0.202105311346\tools\arm-none-eabi\bin\ld.exe:C:\Users\HP\Documents\git\STM32\DWM3000\dwm3000-f411-tx\STM32F411RETX_FLASH.ld:79: syntax error
collect2.exe: error: ld returned 1 exit status
make: *** [makefile:68: dwm3000-f411-tx.elf] Error 1
"make -j16 all" terminated with exit code 2. Build might be incomplete.

15:25:32 Build Failed. 2 errors, 0 warnings. (took 414ms)

